  41804942-4_proyectoFinsl_GPO08.cpp
D:\Documentos\Actual Semestre\CGIHC\Laboratorio\Proyecto\Proyecto\Practica05\41804942-4_proyectoFinsl_GPO08.cpp(185,30): warning C4244: 'inicializando': conversión de 'double' a 'GLfloat'; posible pérdida de datos
D:\Documentos\Actual Semestre\CGIHC\Laboratorio\Proyecto\Proyecto\Practica05\41804942-4_proyectoFinsl_GPO08.cpp(500,34): warning C4305: '-=': truncamiento de 'double' a 'float'
D:\Documentos\Actual Semestre\CGIHC\Laboratorio\Proyecto\Proyecto\Practica05\41804942-4_proyectoFinsl_GPO08.cpp(528,35): warning C4305: '+=': truncamiento de 'double' a 'float'
D:\Documentos\Actual Semestre\CGIHC\Laboratorio\Proyecto\Proyecto\Practica05\41804942-4_proyectoFinsl_GPO08.cpp(540,35): warning C4305: '-=': truncamiento de 'double' a 'float'
D:\Documentos\Actual Semestre\CGIHC\Laboratorio\Proyecto\Proyecto\Practica05\41804942-4_proyectoFinsl_GPO08.cpp(575,35): warning C4305: '+=': truncamiento de 'double' a 'float'
D:\Documentos\Actual Semestre\CGIHC\Laboratorio\Proyecto\Proyecto\Practica05\41804942-4_proyectoFinsl_GPO08.cpp(588,35): warning C4305: '-=': truncamiento de 'double' a 'float'
D:\Documentos\Actual Semestre\CGIHC\Laboratorio\Proyecto\Proyecto\Practica05\41804942-4_proyectoFinsl_GPO08.cpp(674,19): warning C4305: '+=': truncamiento de 'double' a 'float'
D:\Documentos\Actual Semestre\CGIHC\Laboratorio\Proyecto\Proyecto\Practica05\41804942-4_proyectoFinsl_GPO08.cpp(697,17): warning C4244: '=': conversión de 'double' a 'GLfloat'; posible pérdida de datos
D:\Documentos\Actual Semestre\CGIHC\Laboratorio\Proyecto\Proyecto\Practica05\41804942-4_proyectoFinsl_GPO08.cpp(698,17): warning C4244: '=': conversión de 'double' a 'GLfloat'; posible pérdida de datos
D:\Documentos\Actual Semestre\CGIHC\Laboratorio\Proyecto\Proyecto\Practica05\41804942-4_proyectoFinsl_GPO08.cpp(702,21): warning C4244: 'inicializando': conversión de 'double' a 'GLfloat'; posible pérdida de datos
D:\Documentos\Actual Semestre\CGIHC\Laboratorio\Proyecto\Proyecto\Practica05\41804942-4_proyectoFinsl_GPO08.cpp(703,21): warning C4244: 'inicializando': conversión de 'double' a 'GLfloat'; posible pérdida de datos
D:\Documentos\Actual Semestre\CGIHC\Laboratorio\Proyecto\Proyecto\Practica05\41804942-4_proyectoFinsl_GPO08.cpp(705,13): warning C4244: '=': conversión de 'double' a 'GLfloat'; posible pérdida de datos
D:\Documentos\Actual Semestre\CGIHC\Laboratorio\Proyecto\Proyecto\Practica05\41804942-4_proyectoFinsl_GPO08.cpp(706,13): warning C4244: '=': conversión de 'double' a 'GLfloat'; posible pérdida de datos
soil2-debug.lib(SOIL2.obj) : warning LNK4075: se omite '/EDITANDCONTINUE' debido a la especificación '/OPT:ICF'
LINK : warning LNK4098: la biblioteca predeterminada'MSVCRTD' entra en conflicto con otras bibliotecas; use la biblioteca /NODEFAULTLIB:biblioteca
  Generando código
  Previous IPDB not found, fall back to full compilation.
  All 620 functions were compiled because no usable IPDB/IOBJ from previous compilation was found.
  Generación de código finalizada
soil2-debug.lib(etc1_utils.obj) : warning LNK4099: no se encontró PDB 'soil2-debug.pdb' con 'soil2-debug.lib(etc1_utils.obj)' o en 'D:\Documentos\Actual Semestre\CGIHC\Laboratorio\Proyecto\Proyecto\Release\soil2-debug.pdb'; se vinculará el objeto sin tener en cuenta información de depuración
soil2-debug.lib(image_DXT.obj) : warning LNK4099: no se encontró PDB 'soil2-debug.pdb' con 'soil2-debug.lib(image_DXT.obj)' o en 'D:\Documentos\Actual Semestre\CGIHC\Laboratorio\Proyecto\Proyecto\Release\soil2-debug.pdb'; se vinculará el objeto sin tener en cuenta información de depuración
soil2-debug.lib(image_helper.obj) : warning LNK4099: no se encontró PDB 'soil2-debug.pdb' con 'soil2-debug.lib(image_helper.obj)' o en 'D:\Documentos\Actual Semestre\CGIHC\Laboratorio\Proyecto\Proyecto\Release\soil2-debug.pdb'; se vinculará el objeto sin tener en cuenta información de depuración
soil2-debug.lib(SOIL2.obj) : warning LNK4099: no se encontró PDB 'soil2-debug.pdb' con 'soil2-debug.lib(SOIL2.obj)' o en 'D:\Documentos\Actual Semestre\CGIHC\Laboratorio\Proyecto\Proyecto\Release\soil2-debug.pdb'; se vinculará el objeto sin tener en cuenta información de depuración
  Practica05.vcxproj -> D:\Documentos\Actual Semestre\CGIHC\Laboratorio\Proyecto\Proyecto\Release\Practica05.exe
